\BOOKMARK [0][-]{chapter*.4}{List of Figures}{}% 1
\BOOKMARK [0][-]{chapter*.5}{List of Tables}{}% 2
\BOOKMARK [0][-]{chapter.1}{Introduction}{}% 3
\BOOKMARK [1][-]{section.1.1}{Aim}{chapter.1}% 4
\BOOKMARK [1][-]{section.1.2}{Scope}{chapter.1}% 5
\BOOKMARK [1][-]{section.1.3}{Requirements}{chapter.1}% 6
\BOOKMARK [1][-]{section.1.4}{Justification of the need}{chapter.1}% 7
\BOOKMARK [0][-]{chapter.2}{Development}{}% 8
\BOOKMARK [1][-]{section.2.1}{Background and review of the state of the art}{chapter.2}% 9
\BOOKMARK [2][-]{subsection.2.1.1}{History and impact of small wind turbines}{section.2.1}% 10
\BOOKMARK [2][-]{subsection.2.1.2}{Advantages and disadvantages}{section.2.1}% 11
\BOOKMARK [2][-]{subsection.2.1.3}{Design solutions}{section.2.1}% 12
\BOOKMARK [2][-]{subsection.2.1.4}{State of the market}{section.2.1}% 13
\BOOKMARK [1][-]{section.2.2}{Approach and decision on possible solutions}{chapter.2}% 14
\BOOKMARK [2][-]{subsection.2.2.1}{General architecture}{section.2.2}% 15
\BOOKMARK [2][-]{subsection.2.2.2}{Generator selection}{section.2.2}% 16
\BOOKMARK [2][-]{subsection.2.2.3}{Design procedure}{section.2.2}% 17
\BOOKMARK [1][-]{section.2.3}{Aerodynamic design}{chapter.2}% 18
\BOOKMARK [2][-]{subsection.2.3.1}{Airfoil selection}{section.2.3}% 19
\BOOKMARK [2][-]{subsection.2.3.2}{Blades design}{section.2.3}% 20
\BOOKMARK [1][-]{section.2.4}{Structural design}{chapter.2}% 21
\BOOKMARK [2][-]{subsection.2.4.1}{Filament selection}{section.2.4}% 22
\BOOKMARK [2][-]{subsection.2.4.2}{Load cases}{section.2.4}% 23
\BOOKMARK [2][-]{subsection.2.4.3}{Link design and printing properties}{section.2.4}% 24
\BOOKMARK [0][-]{chapter.3}{Summary of the results}{}% 25
\BOOKMARK [1][-]{section.3.1}{Budget summary}{chapter.3}% 26
\BOOKMARK [1][-]{section.3.2}{Analysis and assessment of the environmental implications}{chapter.3}% 27
\BOOKMARK [1][-]{section.3.3}{Future lines of work}{chapter.3}% 28
\BOOKMARK [1][-]{section.3.4}{Planning and programming of the next stage}{chapter.3}% 29
\BOOKMARK [1][-]{section.3.5}{Conclusions}{chapter.3}% 30
\BOOKMARK [0][-]{chapter*.23}{Bibliography}{}% 31
